Arguments: 
  /usr/bin/node /usr/bin/yarn install

PATH: 
  /home/plusgut/.yarn/bin:/usr/lib/llvm/6/bin:/usr/local/sbin:/usr/local/bin:/usr/sbin:/usr/bin:/sbin:/bin:/opt/bin

Yarn version: 
  1.13.0

Node version: 
  8.12.0

Platform: 
  linux x64

Trace: 
  SyntaxError: /home/plusgut/Projects/plusnew/package.json: Unexpected token < in JSON at position 23
      at JSON.parse (<anonymous>)
      at /usr/lib64/node_modules/yarn/lib/cli.js:1625:59
      at Generator.next (<anonymous>)
      at step (/usr/lib64/node_modules/yarn/lib/cli.js:304:30)
      at /usr/lib64/node_modules/yarn/lib/cli.js:315:13
      at <anonymous>

npm manifest: 
  {
    "name": "plusnew",
  <<<<<<< HEAD
    "version": "0.6.50",
  =======
    "version": "0.6.48",
  >>>>>>> 2244993239285879df1b16bdea229ef74dfefe63
    "description": "ts component framework with an typesecure and functional approach",
    "main": "dist/index.js",
    "types": "dist/index.d.ts",
    "scripts": {
      "prepublishOnly": "yarn run test && yarn run build",
      "build": "webpack --config configs/webpack.prod.conf.js",
      "test": "karma start configs/karma.conf.js --no-auto-watch --single-run",
      "test:watch": "karma start configs/karma.conf.js"
    },
    "repository": {
      "type": "git",
      "url": "git+https://github.com/plusnew/plusnew.git"
    },
    "author": "Carlo Jeske",
    "license": "MIT",
    "bugs": {
      "url": "https://github.com/plusnew/plusnew/issues"
    },
    "homepage": "https://github.com/plusnew/plusnew#readme",
    "dependencies": {},
    "devDependencies": {
      "copy-webpack-plugin": "^5.0.3",
      "plusnew-karma-config": "0.6.49",
      "plusnew-webpack-config": "0.6.50",
      "tslint": "5.18.0",
      "tslint-config-airbnb": "5.11.1",
      "typescript": "3.5.3"
    }
  }

yarn manifest: 
  No manifest

Lockfile: 
  No lockfile
